{"C:\\Users\\abdul\\Desktop\\ToDoList\\src\\Components\\Section\\ToDoList\\ToDoInput.tsx": {"path":"C:\\Users\\abdul\\Desktop\\ToDoList\\src\\Components\\Section\\ToDoList\\ToDoInput.tsx","all":false,"statementMap":{"0":{"start":{"line":1,"column":0},"end":{"line":1,"column":32}},"1":{"start":{"line":2,"column":0},"end":{"line":2,"column":38}},"2":{"start":{"line":3,"column":0},"end":{"line":3,"column":57}},"3":{"start":{"line":4,"column":0},"end":{"line":4,"column":54}},"4":{"start":{"line":5,"column":0},"end":{"line":5,"column":0}},"5":{"start":{"line":6,"column":0},"end":{"line":6,"column":18}},"6":{"start":{"line":7,"column":0},"end":{"line":7,"column":34}},"7":{"start":{"line":8,"column":0},"end":{"line":8,"column":59}},"8":{"start":{"line":9,"column":0},"end":{"line":9,"column":1}},"9":{"start":{"line":10,"column":0},"end":{"line":10,"column":0}},"10":{"start":{"line":11,"column":0},"end":{"line":11,"column":60}},"11":{"start":{"line":12,"column":0},"end":{"line":12,"column":77}},"12":{"start":{"line":13,"column":0},"end":{"line":13,"column":78}},"13":{"start":{"line":14,"column":0},"end":{"line":14,"column":0}},"14":{"start":{"line":15,"column":0},"end":{"line":15,"column":25}},"15":{"start":{"line":16,"column":0},"end":{"line":16,"column":46}},"16":{"start":{"line":17,"column":0},"end":{"line":17,"column":24}},"17":{"start":{"line":18,"column":0},"end":{"line":18,"column":49}},"18":{"start":{"line":19,"column":0},"end":{"line":19,"column":66}},"19":{"start":{"line":20,"column":0},"end":{"line":20,"column":12}},"20":{"start":{"line":21,"column":0},"end":{"line":21,"column":5}},"21":{"start":{"line":22,"column":0},"end":{"line":22,"column":80}},"22":{"start":{"line":23,"column":0},"end":{"line":23,"column":40}},"23":{"start":{"line":24,"column":0},"end":{"line":24,"column":80}},"24":{"start":{"line":25,"column":0},"end":{"line":25,"column":5}},"25":{"start":{"line":26,"column":0},"end":{"line":26,"column":22}},"26":{"start":{"line":27,"column":0},"end":{"line":27,"column":48}},"27":{"start":{"line":28,"column":0},"end":{"line":28,"column":68}},"28":{"start":{"line":29,"column":0},"end":{"line":29,"column":12}},"29":{"start":{"line":30,"column":0},"end":{"line":30,"column":5}},"30":{"start":{"line":31,"column":0},"end":{"line":31,"column":52}},"31":{"start":{"line":32,"column":0},"end":{"line":32,"column":45}},"32":{"start":{"line":33,"column":0},"end":{"line":33,"column":49}},"33":{"start":{"line":34,"column":0},"end":{"line":34,"column":21}},"34":{"start":{"line":35,"column":0},"end":{"line":35,"column":3}},"35":{"start":{"line":36,"column":0},"end":{"line":36,"column":0}},"36":{"start":{"line":37,"column":0},"end":{"line":37,"column":10}},"37":{"start":{"line":38,"column":0},"end":{"line":38,"column":63}},"38":{"start":{"line":39,"column":0},"end":{"line":39,"column":49}},"39":{"start":{"line":40,"column":0},"end":{"line":40,"column":13}},"40":{"start":{"line":41,"column":0},"end":{"line":41,"column":14}},"41":{"start":{"line":42,"column":0},"end":{"line":42,"column":15}},"42":{"start":{"line":43,"column":0},"end":{"line":43,"column":17}},"43":{"start":{"line":44,"column":0},"end":{"line":44,"column":91}},"44":{"start":{"line":45,"column":0},"end":{"line":45,"column":38}},"45":{"start":{"line":46,"column":0},"end":{"line":46,"column":76}},"46":{"start":{"line":47,"column":0},"end":{"line":47,"column":31}},"47":{"start":{"line":48,"column":0},"end":{"line":48,"column":16}},"48":{"start":{"line":49,"column":0},"end":{"line":49,"column":8}},"49":{"start":{"line":50,"column":0},"end":{"line":50,"column":38}},"50":{"start":{"line":51,"column":0},"end":{"line":51,"column":78}},"51":{"start":{"line":52,"column":0},"end":{"line":52,"column":8}},"52":{"start":{"line":53,"column":0},"end":{"line":53,"column":35}},"53":{"start":{"line":54,"column":0},"end":{"line":54,"column":53}},"54":{"start":{"line":55,"column":0},"end":{"line":55,"column":17}},"55":{"start":{"line":56,"column":0},"end":{"line":56,"column":16}},"56":{"start":{"line":57,"column":0},"end":{"line":57,"column":14}},"57":{"start":{"line":58,"column":0},"end":{"line":58,"column":21}},"58":{"start":{"line":59,"column":0},"end":{"line":59,"column":38}},"59":{"start":{"line":60,"column":0},"end":{"line":60,"column":25}},"60":{"start":{"line":61,"column":0},"end":{"line":61,"column":35}},"61":{"start":{"line":62,"column":0},"end":{"line":62,"column":28}},"62":{"start":{"line":63,"column":0},"end":{"line":63,"column":64}},"63":{"start":{"line":64,"column":0},"end":{"line":64,"column":12}},"64":{"start":{"line":65,"column":0},"end":{"line":65,"column":10}},"65":{"start":{"line":66,"column":0},"end":{"line":66,"column":12}},"66":{"start":{"line":67,"column":0},"end":{"line":67,"column":43}},"67":{"start":{"line":68,"column":0},"end":{"line":68,"column":64}},"68":{"start":{"line":69,"column":0},"end":{"line":69,"column":12}},"69":{"start":{"line":70,"column":0},"end":{"line":70,"column":10}},"70":{"start":{"line":71,"column":0},"end":{"line":71,"column":3}},"71":{"start":{"line":72,"column":0},"end":{"line":72,"column":1}},"72":{"start":{"line":73,"column":0},"end":{"line":73,"column":0}},"73":{"start":{"line":74,"column":0},"end":{"line":74,"column":24}}},"s":{"0":1,"1":1,"2":1,"3":1,"4":1,"5":1,"6":1,"7":1,"8":1,"9":1,"10":1,"11":13,"12":13,"13":13,"14":13,"15":3,"16":3,"17":1,"18":1,"19":1,"20":1,"21":3,"22":3,"23":3,"24":3,"25":3,"26":1,"27":1,"28":1,"29":1,"30":1,"31":1,"32":1,"33":1,"34":1,"35":13,"36":13,"37":13,"38":13,"39":13,"40":13,"41":13,"42":13,"43":13,"44":13,"45":13,"46":13,"47":13,"48":13,"49":13,"50":2,"51":13,"52":13,"53":13,"54":13,"55":13,"56":13,"57":13,"58":13,"59":13,"60":13,"61":13,"62":2,"63":13,"64":13,"65":13,"66":13,"67":13,"68":13,"69":13,"70":13,"71":13,"72":1,"73":1},"branchMap":{"0":{"type":"branch","line":11,"loc":{"start":{"line":11,"column":18},"end":{"line":72,"column":1}},"locations":[{"start":{"line":11,"column":18},"end":{"line":72,"column":1}}]},"1":{"type":"branch","line":50,"loc":{"start":{"line":50,"column":33},"end":{"line":51,"column":78}},"locations":[{"start":{"line":50,"column":33},"end":{"line":51,"column":78}}]},"2":{"type":"branch","line":15,"loc":{"start":{"line":15,"column":18},"end":{"line":35,"column":3}},"locations":[{"start":{"line":15,"column":18},"end":{"line":35,"column":3}}]},"3":{"type":"branch","line":17,"loc":{"start":{"line":17,"column":23},"end":{"line":21,"column":5}},"locations":[{"start":{"line":17,"column":23},"end":{"line":21,"column":5}}]},"4":{"type":"branch","line":22,"loc":{"start":{"line":22,"column":-2},"end":{"line":22,"column":75}},"locations":[{"start":{"line":22,"column":-2},"end":{"line":22,"column":75}}]},"5":{"type":"branch","line":22,"loc":{"start":{"line":22,"column":71},"end":{"line":22,"column":79}},"locations":[{"start":{"line":22,"column":71},"end":{"line":22,"column":79}}]},"6":{"type":"branch","line":26,"loc":{"start":{"line":26,"column":21},"end":{"line":35,"column":3}},"locations":[{"start":{"line":26,"column":21},"end":{"line":35,"column":3}}]},"7":{"type":"branch","line":24,"loc":{"start":{"line":24,"column":6},"end":{"line":24,"column":79}},"locations":[{"start":{"line":24,"column":6},"end":{"line":24,"column":79}}]},"8":{"type":"branch","line":46,"loc":{"start":{"line":46,"column":18},"end":{"line":46,"column":75}},"locations":[{"start":{"line":46,"column":18},"end":{"line":46,"column":75}}]},"9":{"type":"branch","line":62,"loc":{"start":{"line":62,"column":20},"end":{"line":64,"column":11}},"locations":[{"start":{"line":62,"column":20},"end":{"line":64,"column":11}}]}},"b":{"0":[13],"1":[2],"2":[3],"3":[1],"4":[2],"5":[1],"6":[1],"7":[1],"8":[2],"9":[2]},"fnMap":{"0":{"name":"ToDoInput","decl":{"start":{"line":11,"column":18},"end":{"line":72,"column":1}},"loc":{"start":{"line":11,"column":18},"end":{"line":72,"column":1}},"line":11},"1":{"name":"addTask","decl":{"start":{"line":15,"column":18},"end":{"line":35,"column":3}},"loc":{"start":{"line":15,"column":18},"end":{"line":35,"column":3}},"line":15},"2":{"name":"onChange","decl":{"start":{"line":46,"column":18},"end":{"line":46,"column":75}},"loc":{"start":{"line":46,"column":18},"end":{"line":46,"column":75}},"line":46},"3":{"name":"onChange","decl":{"start":{"line":62,"column":20},"end":{"line":64,"column":11}},"loc":{"start":{"line":62,"column":20},"end":{"line":64,"column":11}},"line":62}},"f":{"0":13,"1":3,"2":2,"3":2}}
,"C:\\Users\\abdul\\Desktop\\ToDoList\\src\\Components\\Section\\ToDoList\\ToDoList.tsx": {"path":"C:\\Users\\abdul\\Desktop\\ToDoList\\src\\Components\\Section\\ToDoList\\ToDoList.tsx","all":false,"statementMap":{"0":{"start":{"line":1,"column":0},"end":{"line":1,"column":43}},"1":{"start":{"line":2,"column":0},"end":{"line":2,"column":64}},"2":{"start":{"line":3,"column":0},"end":{"line":3,"column":74}},"3":{"start":{"line":4,"column":0},"end":{"line":4,"column":38}},"4":{"start":{"line":5,"column":0},"end":{"line":5,"column":50}},"5":{"start":{"line":6,"column":0},"end":{"line":6,"column":54}},"6":{"start":{"line":7,"column":0},"end":{"line":7,"column":0}},"7":{"start":{"line":8,"column":0},"end":{"line":8,"column":18}},"8":{"start":{"line":9,"column":0},"end":{"line":9,"column":15}},"9":{"start":{"line":10,"column":0},"end":{"line":10,"column":34}},"10":{"start":{"line":11,"column":0},"end":{"line":11,"column":1}},"11":{"start":{"line":12,"column":0},"end":{"line":12,"column":0}},"12":{"start":{"line":13,"column":0},"end":{"line":13,"column":54}},"13":{"start":{"line":14,"column":0},"end":{"line":14,"column":50}},"14":{"start":{"line":15,"column":0},"end":{"line":15,"column":67}},"15":{"start":{"line":16,"column":0},"end":{"line":16,"column":0}},"16":{"start":{"line":17,"column":0},"end":{"line":17,"column":19}},"17":{"start":{"line":18,"column":0},"end":{"line":18,"column":40}},"18":{"start":{"line":19,"column":0},"end":{"line":19,"column":44}},"19":{"start":{"line":20,"column":0},"end":{"line":20,"column":46}},"20":{"start":{"line":21,"column":0},"end":{"line":21,"column":7}},"21":{"start":{"line":22,"column":0},"end":{"line":22,"column":57}},"22":{"start":{"line":23,"column":0},"end":{"line":23,"column":25}},"23":{"start":{"line":24,"column":0},"end":{"line":24,"column":12}},"24":{"start":{"line":25,"column":0},"end":{"line":25,"column":0}},"25":{"start":{"line":26,"column":0},"end":{"line":26,"column":40}},"26":{"start":{"line":27,"column":0},"end":{"line":27,"column":8}},"27":{"start":{"line":28,"column":0},"end":{"line":28,"column":0}},"28":{"start":{"line":29,"column":0},"end":{"line":29,"column":47}},"29":{"start":{"line":30,"column":0},"end":{"line":30,"column":55}},"30":{"start":{"line":31,"column":0},"end":{"line":31,"column":3}},"31":{"start":{"line":32,"column":0},"end":{"line":32,"column":0}},"32":{"start":{"line":33,"column":0},"end":{"line":33,"column":45}},"33":{"start":{"line":34,"column":0},"end":{"line":34,"column":35}},"34":{"start":{"line":35,"column":0},"end":{"line":35,"column":32}},"35":{"start":{"line":36,"column":0},"end":{"line":36,"column":27}},"36":{"start":{"line":37,"column":0},"end":{"line":37,"column":3}},"37":{"start":{"line":38,"column":0},"end":{"line":38,"column":0}},"38":{"start":{"line":39,"column":0},"end":{"line":39,"column":45}},"39":{"start":{"line":40,"column":0},"end":{"line":40,"column":55}},"40":{"start":{"line":41,"column":0},"end":{"line":41,"column":3}},"41":{"start":{"line":42,"column":0},"end":{"line":42,"column":0}},"42":{"start":{"line":43,"column":0},"end":{"line":43,"column":10}},"43":{"start":{"line":44,"column":0},"end":{"line":44,"column":34}},"44":{"start":{"line":45,"column":0},"end":{"line":45,"column":20}},"45":{"start":{"line":46,"column":0},"end":{"line":46,"column":12}},"46":{"start":{"line":47,"column":0},"end":{"line":47,"column":23}},"47":{"start":{"line":48,"column":0},"end":{"line":48,"column":79}},"48":{"start":{"line":49,"column":0},"end":{"line":49,"column":9}},"49":{"start":{"line":50,"column":0},"end":{"line":50,"column":14}},"50":{"start":{"line":51,"column":0},"end":{"line":51,"column":30}},"51":{"start":{"line":52,"column":0},"end":{"line":52,"column":101}},"52":{"start":{"line":53,"column":0},"end":{"line":53,"column":33}},"53":{"start":{"line":54,"column":0},"end":{"line":54,"column":23}},"54":{"start":{"line":55,"column":0},"end":{"line":55,"column":46}},"55":{"start":{"line":56,"column":0},"end":{"line":56,"column":11}},"56":{"start":{"line":57,"column":0},"end":{"line":57,"column":17}},"57":{"start":{"line":58,"column":0},"end":{"line":58,"column":382}},"58":{"start":{"line":59,"column":0},"end":{"line":59,"column":33}},"59":{"start":{"line":60,"column":0},"end":{"line":60,"column":14}},"60":{"start":{"line":61,"column":0},"end":{"line":61,"column":17}},"61":{"start":{"line":62,"column":0},"end":{"line":62,"column":607}},"62":{"start":{"line":63,"column":0},"end":{"line":63,"column":32}},"63":{"start":{"line":64,"column":0},"end":{"line":64,"column":14}},"64":{"start":{"line":65,"column":0},"end":{"line":65,"column":16}},"65":{"start":{"line":66,"column":0},"end":{"line":66,"column":36}},"66":{"start":{"line":67,"column":0},"end":{"line":67,"column":14}},"67":{"start":{"line":68,"column":0},"end":{"line":68,"column":11}},"68":{"start":{"line":69,"column":0},"end":{"line":69,"column":10}},"69":{"start":{"line":70,"column":0},"end":{"line":70,"column":31}},"70":{"start":{"line":71,"column":0},"end":{"line":71,"column":87}},"71":{"start":{"line":72,"column":0},"end":{"line":72,"column":40}},"72":{"start":{"line":73,"column":0},"end":{"line":73,"column":20}},"73":{"start":{"line":74,"column":0},"end":{"line":74,"column":126}},"74":{"start":{"line":75,"column":0},"end":{"line":75,"column":29}},"75":{"start":{"line":76,"column":0},"end":{"line":76,"column":17}},"76":{"start":{"line":77,"column":0},"end":{"line":77,"column":22}},"77":{"start":{"line":78,"column":0},"end":{"line":78,"column":113}},"78":{"start":{"line":79,"column":0},"end":{"line":79,"column":19}},"79":{"start":{"line":80,"column":0},"end":{"line":80,"column":45}},"80":{"start":{"line":81,"column":0},"end":{"line":81,"column":30}},"81":{"start":{"line":82,"column":0},"end":{"line":82,"column":25}},"82":{"start":{"line":83,"column":0},"end":{"line":83,"column":24}},"83":{"start":{"line":84,"column":0},"end":{"line":84,"column":78}},"84":{"start":{"line":85,"column":0},"end":{"line":85,"column":37}},"85":{"start":{"line":86,"column":0},"end":{"line":86,"column":32}},"86":{"start":{"line":87,"column":0},"end":{"line":87,"column":30}},"87":{"start":{"line":88,"column":0},"end":{"line":88,"column":38}},"88":{"start":{"line":89,"column":0},"end":{"line":89,"column":47}},"89":{"start":{"line":90,"column":0},"end":{"line":90,"column":80}},"90":{"start":{"line":91,"column":0},"end":{"line":91,"column":42}},"91":{"start":{"line":92,"column":0},"end":{"line":92,"column":44}},"92":{"start":{"line":93,"column":0},"end":{"line":93,"column":38}},"93":{"start":{"line":94,"column":0},"end":{"line":94,"column":50}},"94":{"start":{"line":95,"column":0},"end":{"line":95,"column":40}},"95":{"start":{"line":96,"column":0},"end":{"line":96,"column":38}},"96":{"start":{"line":97,"column":0},"end":{"line":97,"column":39}},"97":{"start":{"line":98,"column":0},"end":{"line":98,"column":57}},"98":{"start":{"line":99,"column":0},"end":{"line":99,"column":51}},"99":{"start":{"line":100,"column":0},"end":{"line":100,"column":34}},"100":{"start":{"line":101,"column":0},"end":{"line":101,"column":32}},"101":{"start":{"line":102,"column":0},"end":{"line":102,"column":30}},"102":{"start":{"line":103,"column":0},"end":{"line":103,"column":28}},"103":{"start":{"line":104,"column":0},"end":{"line":104,"column":26}},"104":{"start":{"line":105,"column":0},"end":{"line":105,"column":25}},"105":{"start":{"line":106,"column":0},"end":{"line":106,"column":22}},"106":{"start":{"line":107,"column":0},"end":{"line":107,"column":24}},"107":{"start":{"line":108,"column":0},"end":{"line":108,"column":95}},"108":{"start":{"line":109,"column":0},"end":{"line":109,"column":43}},"109":{"start":{"line":110,"column":0},"end":{"line":110,"column":76}},"110":{"start":{"line":111,"column":0},"end":{"line":111,"column":30}},"111":{"start":{"line":112,"column":0},"end":{"line":112,"column":30}},"112":{"start":{"line":113,"column":0},"end":{"line":113,"column":28}},"113":{"start":{"line":114,"column":0},"end":{"line":114,"column":39}},"114":{"start":{"line":115,"column":0},"end":{"line":115,"column":45}},"115":{"start":{"line":116,"column":0},"end":{"line":116,"column":42}},"116":{"start":{"line":117,"column":0},"end":{"line":117,"column":41}},"117":{"start":{"line":118,"column":0},"end":{"line":118,"column":45}},"118":{"start":{"line":119,"column":0},"end":{"line":119,"column":26}},"119":{"start":{"line":120,"column":0},"end":{"line":120,"column":42}},"120":{"start":{"line":121,"column":0},"end":{"line":121,"column":24}},"121":{"start":{"line":122,"column":0},"end":{"line":122,"column":26}},"122":{"start":{"line":123,"column":0},"end":{"line":123,"column":24}},"123":{"start":{"line":124,"column":0},"end":{"line":124,"column":61}},"124":{"start":{"line":125,"column":0},"end":{"line":125,"column":35}},"125":{"start":{"line":126,"column":0},"end":{"line":126,"column":46}},"126":{"start":{"line":127,"column":0},"end":{"line":127,"column":38}},"127":{"start":{"line":128,"column":0},"end":{"line":128,"column":41}},"128":{"start":{"line":129,"column":0},"end":{"line":129,"column":24}},"129":{"start":{"line":130,"column":0},"end":{"line":130,"column":21}},"130":{"start":{"line":131,"column":0},"end":{"line":131,"column":59}},"131":{"start":{"line":132,"column":0},"end":{"line":132,"column":26}},"132":{"start":{"line":133,"column":0},"end":{"line":133,"column":24}},"133":{"start":{"line":134,"column":0},"end":{"line":134,"column":35}},"134":{"start":{"line":135,"column":0},"end":{"line":135,"column":46}},"135":{"start":{"line":136,"column":0},"end":{"line":136,"column":61}},"136":{"start":{"line":137,"column":0},"end":{"line":137,"column":38}},"137":{"start":{"line":138,"column":0},"end":{"line":138,"column":41}},"138":{"start":{"line":139,"column":0},"end":{"line":139,"column":24}},"139":{"start":{"line":140,"column":0},"end":{"line":140,"column":21}},"140":{"start":{"line":141,"column":0},"end":{"line":141,"column":59}},"141":{"start":{"line":142,"column":0},"end":{"line":142,"column":26}},"142":{"start":{"line":143,"column":0},"end":{"line":143,"column":24}},"143":{"start":{"line":144,"column":0},"end":{"line":144,"column":22}},"144":{"start":{"line":145,"column":0},"end":{"line":145,"column":17}},"145":{"start":{"line":146,"column":0},"end":{"line":146,"column":18}},"146":{"start":{"line":147,"column":0},"end":{"line":147,"column":15}},"147":{"start":{"line":148,"column":0},"end":{"line":148,"column":62}},"148":{"start":{"line":149,"column":0},"end":{"line":149,"column":56}},"149":{"start":{"line":150,"column":0},"end":{"line":150,"column":18}},"150":{"start":{"line":151,"column":0},"end":{"line":151,"column":12}},"151":{"start":{"line":152,"column":0},"end":{"line":152,"column":11}},"152":{"start":{"line":153,"column":0},"end":{"line":153,"column":8}},"153":{"start":{"line":154,"column":0},"end":{"line":154,"column":10}},"154":{"start":{"line":155,"column":0},"end":{"line":155,"column":3}},"155":{"start":{"line":156,"column":0},"end":{"line":156,"column":1}},"156":{"start":{"line":157,"column":0},"end":{"line":157,"column":0}},"157":{"start":{"line":158,"column":0},"end":{"line":158,"column":23}}},"s":{"0":1,"1":1,"2":1,"3":1,"4":1,"5":1,"6":1,"7":1,"8":1,"9":1,"10":1,"11":1,"12":1,"13":14,"14":14,"15":14,"16":14,"17":7,"18":6,"19":6,"20":6,"21":6,"22":6,"23":7,"24":7,"25":7,"26":14,"27":14,"28":14,"29":1,"30":1,"31":14,"32":14,"33":1,"34":1,"35":1,"36":1,"37":14,"38":14,"39":1,"40":1,"41":14,"42":14,"43":14,"44":14,"45":7,"46":7,"47":7,"48":7,"49":7,"50":7,"51":7,"52":7,"53":7,"54":7,"55":7,"56":7,"57":7,"58":7,"59":7,"60":7,"61":7,"62":7,"63":7,"64":7,"65":7,"66":7,"67":14,"68":7,"69":7,"70":5,"71":5,"72":5,"73":5,"74":5,"75":5,"76":5,"77":5,"78":5,"79":5,"80":4,"81":5,"82":1,"83":1,"84":1,"85":1,"86":1,"87":1,"88":1,"89":1,"90":1,"91":1,"92":1,"93":1,"94":1,"95":1,"96":1,"97":1,"98":1,"99":1,"100":1,"101":1,"102":1,"103":1,"104":1,"105":5,"106":5,"107":5,"108":5,"109":5,"110":5,"111":5,"112":5,"113":5,"114":5,"115":5,"116":5,"117":1,"118":5,"119":5,"120":5,"121":5,"122":5,"123":5,"124":5,"125":5,"126":5,"127":1,"128":5,"129":5,"130":5,"131":5,"132":5,"133":5,"134":5,"135":5,"136":5,"137":1,"138":5,"139":5,"140":5,"141":5,"142":5,"143":5,"144":5,"145":5,"146":7,"147":2,"148":2,"149":2,"150":7,"151":7,"152":14,"153":14,"154":14,"155":14,"156":1,"157":1},"branchMap":{"0":{"type":"branch","line":13,"loc":{"start":{"line":13,"column":17},"end":{"line":156,"column":1}},"locations":[{"start":{"line":13,"column":17},"end":{"line":156,"column":1}}]},"1":{"type":"branch","line":45,"loc":{"start":{"line":45,"column":17},"end":{"line":67,"column":14}},"locations":[{"start":{"line":45,"column":17},"end":{"line":67,"column":14}}]},"2":{"type":"branch","line":68,"loc":{"start":{"line":68,"column":8},"end":{"line":152,"column":11}},"locations":[{"start":{"line":68,"column":8},"end":{"line":152,"column":11}}]},"3":{"type":"branch","line":70,"loc":{"start":{"line":70,"column":28},"end":{"line":146,"column":18}},"locations":[{"start":{"line":70,"column":28},"end":{"line":146,"column":18}}]},"4":{"type":"branch","line":147,"loc":{"start":{"line":147,"column":12},"end":{"line":150,"column":18}},"locations":[{"start":{"line":147,"column":12},"end":{"line":150,"column":18}}]},"5":{"type":"branch","line":17,"loc":{"start":{"line":17,"column":12},"end":{"line":27,"column":3}},"locations":[{"start":{"line":17,"column":12},"end":{"line":27,"column":3}}]},"6":{"type":"branch","line":18,"loc":{"start":{"line":18,"column":33},"end":{"line":24,"column":5}},"locations":[{"start":{"line":18,"column":33},"end":{"line":24,"column":5}}]},"7":{"type":"branch","line":20,"loc":{"start":{"line":20,"column":37},"end":{"line":20,"column":45}},"locations":[{"start":{"line":20,"column":37},"end":{"line":20,"column":45}}]},"8":{"type":"branch","line":26,"loc":{"start":{"line":26,"column":11},"end":{"line":26,"column":40}},"locations":[{"start":{"line":26,"column":11},"end":{"line":26,"column":40}}]},"9":{"type":"branch","line":29,"loc":{"start":{"line":29,"column":23},"end":{"line":31,"column":3}},"locations":[{"start":{"line":29,"column":23},"end":{"line":31,"column":3}}]},"10":{"type":"branch","line":33,"loc":{"start":{"line":33,"column":21},"end":{"line":37,"column":3}},"locations":[{"start":{"line":33,"column":21},"end":{"line":37,"column":3}}]},"11":{"type":"branch","line":36,"loc":{"start":{"line":36,"column":6},"end":{"line":36,"column":27}},"locations":[{"start":{"line":36,"column":6},"end":{"line":36,"column":27}}]},"12":{"type":"branch","line":39,"loc":{"start":{"line":39,"column":21},"end":{"line":41,"column":3}},"locations":[{"start":{"line":39,"column":21},"end":{"line":41,"column":3}}]},"13":{"type":"branch","line":72,"loc":{"start":{"line":72,"column":25},"end":{"line":144,"column":22}},"locations":[{"start":{"line":72,"column":25},"end":{"line":144,"column":22}}]},"14":{"type":"branch","line":78,"loc":{"start":{"line":78,"column":77},"end":{"line":78,"column":93}},"locations":[{"start":{"line":78,"column":77},"end":{"line":78,"column":93}}]},"15":{"type":"branch","line":80,"loc":{"start":{"line":80,"column":42},"end":{"line":81,"column":30}},"locations":[{"start":{"line":80,"column":42},"end":{"line":81,"column":30}}]},"16":{"type":"branch","line":82,"loc":{"start":{"line":82,"column":22},"end":{"line":105,"column":25}},"locations":[{"start":{"line":82,"column":22},"end":{"line":105,"column":25}}]},"17":{"type":"branch","line":92,"loc":{"start":{"line":92,"column":36},"end":{"line":103,"column":27}},"locations":[{"start":{"line":92,"column":36},"end":{"line":103,"column":27}}]},"18":{"type":"branch","line":117,"loc":{"start":{"line":117,"column":34},"end":{"line":119,"column":25}},"locations":[{"start":{"line":117,"column":34},"end":{"line":119,"column":25}}]},"19":{"type":"branch","line":127,"loc":{"start":{"line":127,"column":31},"end":{"line":129,"column":23}},"locations":[{"start":{"line":127,"column":31},"end":{"line":129,"column":23}}]},"20":{"type":"branch","line":137,"loc":{"start":{"line":137,"column":31},"end":{"line":139,"column":23}},"locations":[{"start":{"line":137,"column":31},"end":{"line":139,"column":23}}]}},"b":{"0":[14],"1":[7],"2":[7],"3":[5],"4":[2],"5":[7],"6":[6],"7":[5],"8":[7],"9":[1],"10":[1],"11":[0],"12":[1],"13":[5],"14":[0],"15":[4],"16":[1],"17":[1],"18":[1],"19":[1],"20":[1]},"fnMap":{"0":{"name":"ToDoList","decl":{"start":{"line":13,"column":17},"end":{"line":156,"column":1}},"loc":{"start":{"line":13,"column":17},"end":{"line":156,"column":1}},"line":13},"1":{"name":"updateStatus","decl":{"start":{"line":29,"column":23},"end":{"line":31,"column":3}},"loc":{"start":{"line":29,"column":23},"end":{"line":31,"column":3}},"line":29},"2":{"name":"updateTask","decl":{"start":{"line":33,"column":21},"end":{"line":37,"column":3}},"loc":{"start":{"line":33,"column":21},"end":{"line":37,"column":3}},"line":33},"3":{"name":"deleteTask","decl":{"start":{"line":39,"column":21},"end":{"line":41,"column":3}},"loc":{"start":{"line":39,"column":21},"end":{"line":41,"column":3}},"line":39},"4":{"name":"onChange","decl":{"start":{"line":92,"column":36},"end":{"line":103,"column":27}},"loc":{"start":{"line":92,"column":36},"end":{"line":103,"column":27}},"line":92},"5":{"name":"onChange","decl":{"start":{"line":117,"column":34},"end":{"line":119,"column":25}},"loc":{"start":{"line":117,"column":34},"end":{"line":119,"column":25}},"line":117},"6":{"name":"onClick","decl":{"start":{"line":127,"column":31},"end":{"line":129,"column":23}},"loc":{"start":{"line":127,"column":31},"end":{"line":129,"column":23}},"line":127},"7":{"name":"onClick","decl":{"start":{"line":137,"column":31},"end":{"line":139,"column":23}},"loc":{"start":{"line":137,"column":31},"end":{"line":139,"column":23}},"line":137}},"f":{"0":14,"1":1,"2":1,"3":1,"4":1,"5":1,"6":1,"7":1}}
}
