TN:
SF:src\Reducers\TaskReducer.ts
FN:10,taskReducer
FNF:1
FNH:1
FNDA:5,taskReducer
DA:1,1
DA:2,1
DA:3,1
DA:4,1
DA:5,1
DA:6,1
DA:7,1
DA:8,1
DA:9,1
DA:10,1
DA:11,5
DA:12,5
DA:13,1
DA:14,5
DA:15,1
DA:16,5
DA:17,1
DA:18,2
DA:19,1
DA:20,5
DA:21,1
DA:22,2
DA:23,1
DA:24,1
DA:25,1
DA:26,5
DA:27,1
DA:28,5
DA:29,0
DA:30,5
DA:31,5
LF:31
LH:30
BRDA:10,0,0,5
BRDA:12,1,0,1
BRDA:14,2,0,1
BRDA:16,3,0,1
BRDA:20,4,0,1
BRDA:26,5,0,1
BRDA:28,6,0,0
BRDA:17,7,0,2
BRDA:18,8,0,1
BRDA:18,9,0,1
BRDA:21,10,0,2
BRDA:23,11,0,1
BRDA:24,12,0,1
BRDA:27,13,0,2
BRF:14
BRH:13
end_of_record
