TN:
SF:fileMock.js
FN:1,Object.<anonymous>
FNF:1
FNH:1
FNDA:1,Object.<anonymous>
DA:1,1
LF:1
LH:1
BRDA:1,0,0,1
BRDA:1,1,0,1
BRF:2
BRH:2
end_of_record
TN:
SF:src\Components\Section\ToDoList\ToDoList.tsx
FN:13,ToDoList
FN:29,updateStatus
FN:33,updateTask
FN:39,deleteTask
FN:92,onChange
FN:117,onChange
FN:127,onClick
FN:137,onClick
FNF:8
FNH:8
FNDA:18,ToDoList
FNDA:1,updateStatus
FNDA:3,updateTask
FNDA:1,deleteTask
FNDA:1,onChange
FNDA:1,onChange
FNDA:3,onClick
FNDA:1,onClick
DA:1,1
DA:2,1
DA:3,1
DA:4,1
DA:5,1
DA:6,1
DA:7,1
DA:8,1
DA:9,1
DA:10,1
DA:11,1
DA:12,1
DA:13,1
DA:14,18
DA:15,18
DA:16,18
DA:17,18
DA:18,8
DA:19,7
DA:20,7
DA:21,7
DA:22,7
DA:23,7
DA:24,8
DA:25,8
DA:26,8
DA:27,18
DA:28,18
DA:29,18
DA:30,1
DA:31,1
DA:32,18
DA:33,18
DA:34,3
DA:35,3
DA:36,3
DA:37,3
DA:38,18
DA:39,18
DA:40,1
DA:41,1
DA:42,18
DA:43,18
DA:44,18
DA:45,18
DA:46,8
DA:47,8
DA:48,8
DA:49,8
DA:50,8
DA:51,8
DA:52,8
DA:53,8
DA:54,8
DA:55,8
DA:56,8
DA:57,8
DA:58,8
DA:59,8
DA:60,8
DA:61,8
DA:62,8
DA:63,8
DA:64,8
DA:65,8
DA:66,8
DA:67,8
DA:68,18
DA:69,10
DA:70,10
DA:71,8
DA:72,8
DA:73,8
DA:74,8
DA:75,8
DA:76,8
DA:77,8
DA:78,8
DA:79,8
DA:80,8
DA:81,6
DA:82,8
DA:83,2
DA:84,2
DA:85,2
DA:86,2
DA:87,2
DA:88,2
DA:89,2
DA:90,2
DA:91,2
DA:92,2
DA:93,1
DA:94,1
DA:95,1
DA:96,1
DA:97,1
DA:98,1
DA:99,1
DA:100,1
DA:101,1
DA:102,1
DA:103,2
DA:104,2
DA:105,2
DA:106,8
DA:107,8
DA:108,8
DA:109,8
DA:110,8
DA:111,8
DA:112,8
DA:113,8
DA:114,8
DA:115,8
DA:116,8
DA:117,8
DA:118,1
DA:119,8
DA:120,8
DA:121,8
DA:122,8
DA:123,8
DA:124,8
DA:125,8
DA:126,8
DA:127,8
DA:128,3
DA:129,8
DA:130,8
DA:131,8
DA:132,8
DA:133,8
DA:134,8
DA:135,8
DA:136,8
DA:137,8
DA:138,1
DA:139,8
DA:140,8
DA:141,8
DA:142,8
DA:143,8
DA:144,8
DA:145,8
DA:146,8
DA:147,10
DA:148,2
DA:149,2
DA:150,2
DA:151,10
DA:152,10
DA:153,18
DA:154,18
DA:155,18
DA:156,18
DA:157,1
DA:158,1
LF:158
LH:158
BRDA:13,0,0,18
BRDA:45,1,0,8
BRDA:68,2,0,10
BRDA:70,3,0,8
BRDA:147,4,0,2
BRDA:17,5,0,8
BRDA:18,6,0,7
BRDA:20,7,0,6
BRDA:26,8,0,8
BRDA:29,9,0,1
BRDA:33,10,0,3
BRDA:35,11,0,2
BRDA:36,12,0,1
BRDA:39,13,0,1
BRDA:72,14,0,8
BRDA:78,15,0,0
BRDA:80,16,0,6
BRDA:82,17,0,2
BRDA:92,18,0,1
BRDA:117,19,0,1
BRDA:127,20,0,3
BRDA:137,21,0,1
BRF:22
BRH:21
end_of_record
